<?xml version="1.0" encoding="UTF-8"?>
<!-- Generated by org.testng.reporters.JUnitReportReporter -->
<testsuite hostname="Rara" failures="0" tests="1" name="com.test.selenium.TC010_IncrementCartQuantityTest" time="61.410" errors="0" timestamp="2025-01-10T18:26:55 WIB" skipped="0">
  <testcase classname="com.test.selenium.TC010_IncrementCartQuantityTest" name="testAddToCart" time="61.410"/>
</testsuite> <!-- com.test.selenium.TC010_IncrementCartQuantityTest -->
