<?xml version="1.0" encoding="UTF-8"?>
<!-- Generated by org.testng.reporters.JUnitReportReporter -->
<testsuite hostname="Rara" failures="0" tests="1" name="com.test.selenium.TC013_RemoveItemMessageTest" time="106.482" errors="0" timestamp="2025-01-10T19:55:05 WIB" skipped="0">
  <testcase classname="com.test.selenium.TC013_RemoveItemMessageTest" name="testAddToCart" time="106.482"/>
</testsuite> <!-- com.test.selenium.TC013_RemoveItemMessageTest -->
