<?xml version="1.0" encoding="UTF-8"?>
<!-- Generated by org.testng.reporters.JUnitReportReporter -->
<testsuite hostname="Rara" failures="0" tests="1" name="com.test.selenium.TC009_ContinueShoppingTest" time="118.190" errors="0" timestamp="2025-01-10T19:36:41 WIB" skipped="0">
  <testcase classname="com.test.selenium.TC009_ContinueShoppingTest" name="testAddToCart" time="118.190"/>
</testsuite> <!-- com.test.selenium.TC009_ContinueShoppingTest -->
