<?xml version="1.0" encoding="UTF-8"?>
<!-- Generated by org.testng.reporters.JUnitReportReporter -->
<testsuite hostname="Rara" failures="0" tests="1" name="com.test.selenium.TC012_RemoveItemTest" time="83.944" errors="0" timestamp="2025-01-10T19:52:20 WIB" skipped="0">
  <testcase classname="com.test.selenium.TC012_RemoveItemTest" name="testAddToCart" time="83.944"/>
</testsuite> <!-- com.test.selenium.TC012_RemoveItemTest -->
