<?xml version="1.0" encoding="UTF-8"?>
<!-- Generated by org.testng.reporters.JUnitReportReporter -->
<testsuite hostname="Rara" failures="0" tests="1" name="com.test.selenium.TC014_EmptyCartMessageTest" time="29.491" errors="0" timestamp="2025-01-10T19:27:28 WIB" skipped="0">
  <testcase classname="com.test.selenium.TC014_EmptyCartMessageTest" name="testAddToCart" time="29.491"/>
</testsuite> <!-- com.test.selenium.TC014_EmptyCartMessageTest -->
