<?xml version="1.0" encoding="UTF-8"?>
<!-- Generated by org.testng.reporters.JUnitReportReporter -->
<testsuite hostname="Rara" failures="0" tests="1" name="com.test.selenium.TC011_VerifyTotalAmountTest" time="149.490" errors="0" timestamp="2025-01-10T19:49:47 WIB" skipped="0">
  <testcase classname="com.test.selenium.TC011_VerifyTotalAmountTest" name="testAddToCart" time="149.490"/>
</testsuite> <!-- com.test.selenium.TC011_VerifyTotalAmountTest -->
