<?xml version="1.0" encoding="UTF-8"?>
<!-- Generated by org.testng.reporters.JUnitReportReporter -->
<testsuite hostname="Rara" failures="0" tests="1" name="com.test.selenium.TC015_PersistCartOnLogoutTest" time="237.614" errors="0" timestamp="2025-01-10T20:03:10 WIB" skipped="0">
  <testcase classname="com.test.selenium.TC015_PersistCartOnLogoutTest" name="testAddToCart" time="237.614"/>
</testsuite> <!-- com.test.selenium.TC015_PersistCartOnLogoutTest -->
